<?xml version="1.0" encoding="UTF-8"?><testsuite name="nosetests" tests="4486" errors="0" failures="0" skip="29"><testcase classname="programytest.admin.test_tool.AdminToolTests" name="test_delete_folder_contents" time="0.003"></testcase><testcase classname="programytest.admin.test_tool.AdminToolTests" name="test_download_bot" time="0.000"></testcase><testcase classname="programytest.admin.test_tool.AdminToolTests" name="test_extract_bot_no_remove" time="0.003"></testcase><testcase classname="programytest.admin.test_tool.AdminToolTests" name="test_extract_bot_with_remove" time="0.004"></testcase><testcase classname="programytest.admin.test_tool.AdminToolTests" name="test_install_additional" time="0.001"></testcase><testcase classname="programytest.admin.test_tool.AdminToolTests" name="test_install_additional_invalid" time="0.000"></testcase><testcase classname="programytest.admin.test_tool.AdminToolTests" name="test_install_bot" time="0.000"></testcase><testcase classname="programytest.admin.test_tool.AdminToolTests" name="test_install_bot_unknown" time="0.000"></testcase><testcase classname="programytest.admin.test_tool.AdminToolTests" name="test_list_bots" time="0.000"></testcase><testcase classname="programytest.admin.test_tool.AdminToolTests" name="test_make_all_executable" time="0.004"></testcase><testcase classname="programytest.admin.test_tool.AdminToolTests" name="test_make_executable" time="0.001"></testcase><testcase classname="programytest.admin.test_tool.AdminToolTests" name="test_recursive_copy" time="0.006"></testcase><testcase classname="programytest.admin.test_tool.AdminToolTests" name="test_run_download" time="0.000"></testcase><testcase classname="programytest.admin.test_tool.AdminToolTests" name="test_run_help" time="0.000"></testcase><testcase classname="programytest.admin.test_tool.AdminToolTests" name="test_run_install" time="0.000"></testcase><testcase classname="programytest.admin.test_tool.AdminToolTests" name="test_run_list" time="0.000"></testcase><testcase classname="programytest.admin.test_tool.AdminToolTests" name="test_run_missing_bot_name" time="0.000"></testcase><testcase classname="programytest.admin.test_tool.AdminToolTests" name="test_run_no_words" time="0.000"></testcase><testcase classname="programytest.admin.test_tool.AdminToolTests" name="test_run_unknown_primary_command" time="0.000"></testcase><testcase classname="programytest.admin.test_tool.AdminToolTests" name="test_show_execute_help" time="0.000"></testcase><testcase classname="programytest.admin.test_tool.AdminToolTests" name="test_show_help" time="0.000"></testcase><testcase classname="programytest.admin.test_tool.AdminToolTests" name="test_zip_dir_name_from_filename" time="0.000"></testcase><testcase classname="programytest.clients.embed.test_client.EmbeddedBotClientTests" name="test_init" time="0.079"></testcase><testcase classname="programytest.clients.events.console.test_client.ConsoleBotClientTests" name="test_console_client_init" time="0.007"><system-out><![CDATA[Warning. No logging configuration file defined, using defaults...
No configuration file specified, using defaults only !
]]></system-out></testcase><testcase classname="programytest.clients.events.console.test_client.ConsoleBotClientTests" name="test_display_startup_messages" time="0.008"><system-out><![CDATA[Warning. No logging configuration file defined, using defaults...
No configuration file specified, using defaults only !
None, App: vNone Grammar vNone, initiated None
Hello
]]></system-out></testcase><testcase classname="programytest.clients.events.console.test_client.ConsoleBotClientTests" name="test_get_question" time="0.008"><system-out><![CDATA[Warning. No logging configuration file defined, using defaults...
No configuration file specified, using defaults only !
]]></system-out></testcase><testcase classname="programytest.clients.events.console.test_client.ConsoleBotClientTests" name="test_process_question_answer" time="0.009"><system-out><![CDATA[Warning. No logging configuration file defined, using defaults...
No configuration file specified, using defaults only !
Hello
]]></system-out></testcase><testcase classname="programytest.clients.events.console.test_client.ConsoleBotClientTests" name="test_process_question_answer_no_response" time="0.012"><system-out><![CDATA[Warning. No logging configuration file defined, using defaults...
No configuration file specified, using defaults only !
]]></system-out></testcase><testcase classname="programytest.clients.events.console.test_client.ConsoleBotClientTests" name="test_process_question_answer_with_context" time="0.008"><system-out><![CDATA[Warning. No logging configuration file defined, using defaults...
No configuration file specified, using defaults only !
Hello
]]></system-out></testcase><testcase classname="programytest.clients.events.console.test_client.ConsoleBotClientTests" name="test_process_response" time="0.009"><system-out><![CDATA[Warning. No logging configuration file defined, using defaults...
No configuration file specified, using defaults only !
Answer
]]></system-out></testcase><testcase classname="programytest.clients.events.console.test_client.ConsoleBotClientTests" name="test_run_loop_no_loop" time="0.008"><system-out><![CDATA[Warning. No logging configuration file defined, using defaults...
No configuration file specified, using defaults only !
]]></system-out></testcase><testcase classname="programytest.clients.events.console.test_config.ConsoleConfigurationTests" name="test_init" time="0.008"></testcase><testcase classname="programytest.clients.events.console.test_config.ConsoleConfigurationTests" name="test_init_no_values" time="0.002"></testcase><testcase classname="programytest.clients.events.console.test_config.ConsoleConfigurationTests" name="test_to_yaml_no_data" time="0.002"></testcase><testcase classname="programytest.clients.events.console.test_config.ConsoleConfigurationTests" name="test_to_yaml_with_defaults" time="0.001"></testcase><testcase classname="programytest.clients.events.console.test_config.ConsoleConfigurationTests" name="test_to_yaml_without_defaults" time="0.008"></testcase><testcase classname="programytest.clients.events.discord.test_client.DiscordBotClientTests" name="test_init" time="0.011"><system-out><![CDATA[Warning. No logging configuration file defined, using defaults...
No configuration file specified, using defaults only !
]]></system-out></testcase><testcase classname="programytest.clients.events.discord.test_client.DiscordBotClientTests" name="test_on_message" time="0.008"><system-out><![CDATA[Warning. No logging configuration file defined, using defaults...
No configuration file specified, using defaults only !
Author:[<programytest.clients.events.discord.test_client.MockAuthor object at 0x112acfbe0>], User:[1234567890]
]]></system-out></testcase><testcase classname="programytest.clients.events.discord.test_client.DiscordBotClientTests" name="test_on_message_same_user" time="0.009"><system-out><![CDATA[Warning. No logging configuration file defined, using defaults...
No configuration file specified, using defaults only !
Author:[<programytest.clients.events.discord.test_client.MockAuthor object at 0x112acf400>], User:[1234567890]
]]></system-out></testcase><testcase classname="programytest.clients.events.discord.test_client.DiscordBotClientTests" name="test_on_ready" time="0.012"><system-out><![CDATA[Warning. No logging configuration file defined, using defaults...
No configuration file specified, using defaults only !
Discord Client server now running
]]></system-out></testcase><testcase classname="programytest.clients.events.discord.test_config.DiscordConfigurationTests" name="test_init" time="0.002"></testcase><testcase classname="programytest.clients.events.discord.test_config.DiscordConfigurationTests" name="test_init_no_data" time="0.003"></testcase><testcase classname="programytest.clients.events.discord.test_config.DiscordConfigurationTests" name="test_init_no_values" time="0.002"></testcase><testcase classname="programytest.clients.events.discord.test_config.DiscordConfigurationTests" name="test_to_yaml_with_defaults" time="0.001"></testcase><testcase classname="programytest.clients.events.tcpsocket.test_client.SocketBotClientTests" name="test_extract_payload" time="0.009"><system-out><![CDATA[Warning. No logging configuration file defined, using defaults...
No configuration file specified, using defaults only !
TCP Socket Client server now listening on 0.0.0.0:80
]]></system-out></testcase><testcase classname="programytest.clients.events.tcpsocket.test_client.SocketBotClientTests" name="test_init" time="0.012"><system-out><![CDATA[Warning. No logging configuration file defined, using defaults...
No configuration file specified, using defaults only !
TCP Socket Client server now listening on 0.0.0.0:80
]]></system-out></testcase><testcase classname="programytest.clients.events.tcpsocket.test_client.SocketBotClientTests" name="test_wait_and_answer" time="0.011"><system-out><![CDATA[Warning. No logging configuration file defined, using defaults...
No configuration file specified, using defaults only !
TCP Socket Client server now listening on 0.0.0.0:80
]]></system-out></testcase><testcase classname="programytest.clients.events.tcpsocket.test_client.SocketBotClientTests" name="test_wait_and_answer_invalid_response" time="0.013"><system-out><![CDATA[Warning. No logging configuration file defined, using defaults...
No configuration file specified, using defaults only !
TCP Socket Client server now listening on 0.0.0.0:80
]]></system-out></testcase><testcase classname="programytest.clients.events.tcpsocket.test_client.SocketBotClientTests" name="test_wait_and_answer_no_response" time="0.011"><system-out><![CDATA[Warning. No logging configuration file defined, using defaults...
No configuration file specified, using defaults only !
TCP Socket Client server now listening on 0.0.0.0:80
]]></system-out></testcase><testcase classname="programytest.clients.events.tcpsocket.test_config.SocketConfigurationTests" name="test_init" time="0.009"></testcase><testcase classname="programytest.clients.events.tcpsocket.test_config.SocketConfigurationTests" name="test_to_yaml_no_data" time="0.004"></testcase><testcase classname="programytest.clients.events.tcpsocket.test_config.SocketConfigurationTests" name="test_to_yaml_with_defaults" time="0.001"></testcase><testcase classname="programytest.clients.events.tcpsocket.test_config.SocketConfigurationTests" name="test_to_yaml_without_defaults" time="0.011"></testcase><testcase classname="programytest.clients.events.test_client.EventBotClientTests" name="test_init_actual" time="0.013"><system-out><![CDATA[Warning. No logging configuration file defined, using defaults...
No configuration file specified, using defaults only !
]]></system-out></testcase><testcase classname="programytest.clients.events.test_client.EventBotClientTests" name="test_init_raw" time="0.001"><system-out><![CDATA[Warning. No logging configuration file defined, using defaults...
No configuration file specified, using defaults only !
]]></system-out></testcase><testcase classname="programytest.clients.events.test_client.EventBotClientTests" name="test_init_running" time="0.014"><system-out><![CDATA[Warning. No logging configuration file defined, using defaults...
No configuration file specified, using defaults only !
Healthcheck now running as part of REST Service...
]]></system-out></testcase><testcase classname="programytest.clients.ping.test_config.PingResponderConfigurationTests" name="test_with_data" time="0.014"></testcase><testcase classname="programytest.clients.ping.test_config.PingResponderConfigurationTests" name="test_with_no_data" time="0.002"></testcase><testcase classname="programytest.clients.ping.test_config.PingResponderConfigurationTests" name="test_without_data" time="0.002"></testcase><testcase classname="programytest.clients.ping.test_responder.PingResponderTests" name="test_output" time="0.015"></testcase><testcase classname="programytest.clients.polling.slack.test_client.SlackBotClientTests" name="test_handle_message" time="0.014"><system-out><![CDATA[Warning. No logging configuration file defined, using defaults...
No configuration file specified, using defaults only !
]]></system-out></testcase><testcase classname="programytest.clients.polling.slack.test_client.SlackBotClientTests" name="test_parse_direct_mention" time="0.018"><system-out><![CDATA[Warning. No logging configuration file defined, using defaults...
No configuration file specified, using defaults only !
]]></system-out></testcase><testcase classname="programytest.clients.polling.slack.test_client.SlackBotClientTests" name="test_parse_message" time="0.016"><system-out><![CDATA[Warning. No logging configuration file defined, using defaults...
No configuration file specified, using defaults only !
]]></system-out></testcase><testcase classname="programytest.clients.polling.slack.test_client.SlackBotClientTests" name="test_parse_messages" time="0.016"><system-out><![CDATA[Warning. No logging configuration file defined, using defaults...
No configuration file specified, using defaults only !
]]></system-out></testcase><testcase classname="programytest.clients.polling.slack.test_client.SlackBotClientTests" name="test_slack_client_init" time="0.012"><system-out><![CDATA[Warning. No logging configuration file defined, using defaults...
No configuration file specified, using defaults only !
]]></system-out></testcase><testcase classname="programytest.clients.polling.slack.test_config.SlackConfigurationTests" name="test_init" time="0.008"></testcase><testcase classname="programytest.clients.polling.slack.test_config.SlackConfigurationTests" name="test_to_yaml_with_defaults" time="0.002"></testcase><testcase classname="programytest.clients.polling.telegram.test_client.TelegramBotClientTests" name="test_client_message" time="0.017"><system-out><![CDATA[Warning. No logging configuration file defined, using defaults...
No configuration file specified, using defaults only !
]]></system-out></testcase><testcase classname="programytest.clients.polling.telegram.test_client.TelegramBotClientTests" name="test_client_message_no_response" time="0.014"><system-out><![CDATA[Warning. No logging configuration file defined, using defaults...
No configuration file specified, using defaults only !
]]></system-out></testcase><testcase classname="programytest.clients.polling.telegram.test_client.TelegramBotClientTests" name="test_client_start" time="0.014"><system-out><![CDATA[Warning. No logging configuration file defined, using defaults...
No configuration file specified, using defaults only !
]]></system-out></testcase><testcase classname="programytest.clients.polling.telegram.test_client.TelegramBotClientTests" name="test_client_start_no_initial_question" time="0.015"><system-out><![CDATA[Warning. No logging configuration file defined, using defaults...
No configuration file specified, using defaults only !
]]></system-out></testcase><testcase classname="programytest.clients.polling.telegram.test_client.TelegramBotClientTests" name="test_client_unknown" time="0.023"><system-out><![CDATA[Warning. No logging configuration file defined, using defaults...
No configuration file specified, using defaults only !
]]></system-out></testcase><testcase classname="programytest.clients.polling.telegram.test_client.TelegramBotClientTests" name="test_client_unknown_no_response" time="0.014"><system-out><![CDATA[Warning. No logging configuration file defined, using defaults...
No configuration file specified, using defaults only !
]]></system-out></testcase><testcase classname="programytest.clients.polling.telegram.test_client.TelegramBotClientTests" name="test_message_no_client" time="0.001"></testcase><testcase classname="programytest.clients.polling.telegram.test_client.TelegramBotClientTests" name="test_message_with_client" time="0.017"><system-out><![CDATA[Warning. No logging configuration file defined, using defaults...
No configuration file specified, using defaults only !
]]></system-out></testcase><testcase classname="programytest.clients.polling.telegram.test_client.TelegramBotClientTests" name="test_poll_answer" time="0.023"><system-out><![CDATA[Warning. No logging configuration file defined, using defaults...
No configuration file specified, using defaults only !
]]></system-out></testcase><testcase classname="programytest.clients.polling.telegram.test_client.TelegramBotClientTests" name="test_register_handlers" time="0.017"><system-out><![CDATA[Warning. No logging configuration file defined, using defaults...
No configuration file specified, using defaults only !
]]></system-out></testcase><testcase classname="programytest.clients.polling.telegram.test_client.TelegramBotClientTests" name="test_start_no_client" time="0.001"></testcase><testcase classname="programytest.clients.polling.telegram.test_client.TelegramBotClientTests" name="test_start_with_client" time="0.016"><system-out><![CDATA[Warning. No logging configuration file defined, using defaults...
No configuration file specified, using defaults only !
]]></system-out></testcase><testcase classname="programytest.clients.polling.telegram.test_client.TelegramBotClientTests" name="test_telegram_client_init" time="0.015"><system-out><![CDATA[Warning. No logging configuration file defined, using defaults...
No configuration file specified, using defaults only !
]]></system-out></testcase><testcase classname="programytest.clients.polling.telegram.test_client.TelegramBotClientTests" name="test_unknown_no_client" time="0.001"></testcase><testcase classname="programytest.clients.polling.telegram.test_client.TelegramBotClientTests" name="test_unknown_with_client" time="0.014"><system-out><![CDATA[Warning. No logging configuration file defined, using defaults...
No configuration file specified, using defaults only !
]]></system-out></testcase><testcase classname="programytest.clients.polling.telegram.test_config.TelegramClientConfigurationTests" name="test_init" time="0.009"></testcase><testcase classname="programytest.clients.polling.telegram.test_config.TelegramClientConfigurationTests" name="test_to_yaml_with_defaults" time="0.001"></testcase><testcase classname="programytest.clients.polling.twitter.test_client.TwitterBotClientTests" name="test_follow_new_followers" time="0.019"><system-out><![CDATA[Warning. No logging configuration file defined, using defaults...
No configuration file specified, using defaults only !
]]></system-out></testcase><testcase classname="programytest.clients.polling.twitter.test_client.TwitterBotClientTests" name="test_get_direct_messages_no_previous" time="0.014"><system-out><![CDATA[Warning. No logging configuration file defined, using defaults...
No configuration file specified, using defaults only !
]]></system-out></testcase><testcase classname="programytest.clients.polling.twitter.test_client.TwitterBotClientTests" name="test_get_direct_messages_previous" time="0.017"><system-out><![CDATA[Warning. No logging configuration file defined, using defaults...
No configuration file specified, using defaults only !
]]></system-out></testcase><testcase classname="programytest.clients.polling.twitter.test_client.TwitterBotClientTests" name="test_get_question_from_text" time="0.018"><system-out><![CDATA[Warning. No logging configuration file defined, using defaults...
No configuration file specified, using defaults only !
]]></system-out></testcase><testcase classname="programytest.clients.polling.twitter.test_client.TwitterBotClientTests" name="test_get_statuses_excessive_number" time="0.015"><system-out><![CDATA[Warning. No logging configuration file defined, using defaults...
No configuration file specified, using defaults only !
]]></system-out></testcase><testcase classname="programytest.clients.polling.twitter.test_client.TwitterBotClientTests" name="test_get_statuses_wrong_number" time="0.011"><system-out><![CDATA[Warning. No logging configuration file defined, using defaults...
No configuration file specified, using defaults only !
]]></system-out></testcase><testcase classname="programytest.clients.polling.twitter.test_client.TwitterBotClientTests" name="test_message_ids_save_load" time="0.021"><system-out><![CDATA[Warning. No logging configuration file defined, using defaults...
No configuration file specified, using defaults only !
]]></system-out></testcase><testcase classname="programytest.clients.polling.twitter.test_client.TwitterBotClientTests" name="test_poll" time="0.018"><system-out><![CDATA[Warning. No logging configuration file defined, using defaults...
No configuration file specified, using defaults only !
]]></system-out></testcase><testcase classname="programytest.clients.polling.twitter.test_client.TwitterBotClientTests" name="test_process_direct_message_question" time="0.019"><system-out><![CDATA[Warning. No logging configuration file defined, using defaults...
No configuration file specified, using defaults only !
]]></system-out></testcase><testcase classname="programytest.clients.polling.twitter.test_client.TwitterBotClientTests" name="test_process_direct_messages" time="0.018"><system-out><![CDATA[Warning. No logging configuration file defined, using defaults...
No configuration file specified, using defaults only !
]]></system-out></testcase><testcase classname="programytest.clients.polling.twitter.test_client.TwitterBotClientTests" name="test_process_followers" time="0.020"><system-out><![CDATA[Warning. No logging configuration file defined, using defaults...
No configuration file specified, using defaults only !
]]></system-out></testcase><testcase classname="programytest.clients.polling.twitter.test_client.TwitterBotClientTests" name="test_process_status_question" time="0.017"><system-out><![CDATA[Warning. No logging configuration file defined, using defaults...
No configuration file specified, using defaults only !
]]></system-out></testcase><testcase classname="programytest.clients.polling.twitter.test_client.TwitterBotClientTests" name="test_process_statuses" time="0.017"><system-out><![CDATA[Warning. No logging configuration file defined, using defaults...
No configuration file specified, using defaults only !
]]></system-out></testcase><testcase classname="programytest.clients.polling.twitter.test_client.TwitterBotClientTests" name="test_twitter_init" time="0.017"><system-out><![CDATA[Warning. No logging configuration file defined, using defaults...
No configuration file specified, using defaults only !
]]></system-out></testcase><testcase classname="programytest.clients.polling.twitter.test_client.TwitterBotClientTests" name="test_unfollow_non_followers" time="0.016"><system-out><![CDATA[Warning. No logging configuration file defined, using defaults...
No configuration file specified, using defaults only !
]]></system-out></testcase><testcase classname="programytest.clients.polling.twitter.test_config.TwitterConfigurationTests" name="test_init" time="0.012"></testcase><testcase classname="programytest.clients.polling.twitter.test_config.TwitterConfigurationTests" name="test_init_no_auto_follow" time="0.011"></testcase><testcase classname="programytest.clients.polling.twitter.test_config.TwitterConfigurationTests" name="test_to_yaml_no_data" time="0.004"></testcase><testcase classname="programytest.clients.polling.twitter.test_config.TwitterConfigurationTests" name="test_to_yaml_with_defaults" time="0.001"></testcase><testcase classname="programytest.clients.polling.xmpp.test_client.XmppBotClientTests" name="test_connect" time="0.023"><system-out><![CDATA[Warning. No logging configuration file defined, using defaults...
No configuration file specified, using defaults only !
]]></system-out></testcase><testcase classname="programytest.clients.polling.xmpp.test_client.XmppBotClientTests" name="test_xmpp_bot_client_init" time="0.014"><system-out><![CDATA[Warning. No logging configuration file defined, using defaults...
No configuration file specified, using defaults only !
]]></system-out></testcase><testcase classname="programytest.clients.polling.xmpp.test_config.XmppConfigurationTests" name="test_init" time="0.004"></testcase><testcase classname="programytest.clients.polling.xmpp.test_config.XmppConfigurationTests" name="test_to_yaml_with_defaults" time="0.000"></testcase><testcase classname="programytest.clients.polling.xmpp.test_xmpp.XmppClientTesst" name="test_get_question" time="0.001"></testcase><testcase classname="programytest.clients.polling.xmpp.test_xmpp.XmppClientTesst" name="test_get_userid" time="0.001"></testcase><testcase classname="programytest.clients.polling.xmpp.test_xmpp.XmppClientTesst" name="test_is_valid_message" time="0.001"></testcase><testcase classname="programytest.clients.polling.xmpp.test_xmpp.XmppClientTesst" name="test_message" time="0.001"></testcase><testcase classname="programytest.clients.polling.xmpp.test_xmpp.XmppClientTesst" name="test_register_plugins" time="0.001"></testcase><testcase classname="programytest.clients.polling.xmpp.test_xmpp.XmppClientTesst" name="test_xmpp_client_init" time="0.001"></testcase><testcase classname="programytest.clients.polling.test_client.PollingBotClientTests" name="test_init_actual" time="0.012"><system-out><![CDATA[Warning. No logging configuration file defined, using defaults...
No configuration file specified, using defaults only !
]]></system-out></testcase><testcase classname="programytest.clients.polling.test_client.PollingBotClientTests" name="test_init_raw" time="0.001"><system-out><![CDATA[Warning. No logging configuration file defined, using defaults...
No configuration file specified, using defaults only !
]]></system-out></testcase><testcase classname="programytest.clients.polling.test_client.PollingBotClientTests" name="test_running" time="0.007"><system-out><![CDATA[Warning. No logging configuration file defined, using defaults...
No configuration file specified, using defaults only !
Healthcheck now running as part of REST Service...
]]></system-out></testcase><testcase classname="programytest.clients.render.test_html.HtmlRendererTests" name="test_card" time="0.003"></testcase><testcase classname="programytest.clients.render.test_html.HtmlRendererTests" name="test_card_with_text_at_end" time="0.003"></testcase><testcase classname="programytest.clients.render.test_html.HtmlRendererTests" name="test_card_with_text_at_front" time="0.003"></testcase><testcase classname="programytest.clients.render.test_html.HtmlRendererTests" name="test_card_with_text_at_front_and_end" time="0.001"></testcase><testcase classname="programytest.clients.render.test_html.HtmlRendererTests" name="test_card_with_xml_at_end" time="0.002"></testcase><testcase classname="programytest.clients.render.test_html.HtmlRendererTests" name="test_card_with_xml_at_front" time="0.003"></testcase><testcase classname="programytest.clients.render.test_html.HtmlRendererTests" name="test_card_with_xml_at_front_and_end" time="0.003"></testcase><testcase classname="programytest.clients.render.test_html.HtmlRendererTests" name="test_carousel" time="0.002"></testcase><testcase classname="programytest.clients.render.test_html.HtmlRendererTests" name="test_create_postback_url" time="0.001"></testcase><testcase classname="programytest.clients.render.test_html.HtmlRendererTests" name="test_delay" time="0.003"></testcase><testcase classname="programytest.clients.render.test_html.HtmlRendererTests" name="test_image" time="0.003"></testcase><testcase classname="programytest.clients.render.test_html.HtmlRendererTests" name="test_link" time="0.002"></testcase><testcase classname="programytest.clients.render.test_html.HtmlRendererTests" name="test_list" time="0.001"></testcase><testcase classname="programytest.clients.render.test_html.HtmlRendererTests" name="test_location" time="0.001"></testcase><testcase classname="programytest.clients.render.test_html.HtmlRendererTests" name="test_olist" time="0.002"></testcase><testcase classname="programytest.clients.render.test_html.HtmlRendererTests" name="test_postback_button" time="0.002"></testcase><testcase classname="programytest.clients.render.test_html.HtmlRendererTests" name="test_reply_with_postback" time="0.003"></testcase><testcase classname="programytest.clients.render.test_html.HtmlRendererTests" name="test_reply_without_postback" time="0.001"></testcase><testcase classname="programytest.clients.render.test_html.HtmlRendererTests" name="test_split" time="0.002"></testcase><testcase classname="programytest.clients.render.test_html.HtmlRendererTests" name="test_text_only" time="0.003"></testcase><testcase classname="programytest.clients.render.test_html.HtmlRendererTests" name="test_tts" time="0.003"></testcase><testcase classname="programytest.clients.render.test_html.HtmlRendererTests" name="test_url_button" time="0.002"></testcase><testcase classname="programytest.clients.render.test_html.HtmlRendererTests" name="test_video" time="0.001"></testcase><testcase classname="programytest.clients.render.test_json.JSONRendererTests" name="test_card" time="0.001"></testcase><testcase classname="programytest.clients.render.test_json.JSONRendererTests" name="test_carousel" time="0.002"></testcase><testcase classname="programytest.clients.render.test_json.JSONRendererTests" name="test_delay" time="0.001"></testcase><testcase classname="programytest.clients.render.test_json.JSONRendererTests" name="test_image" time="0.001"></testcase><testcase classname="programytest.clients.render.test_json.JSONRendererTests" name="test_link" time="0.001"></testcase><testcase classname="programytest.clients.render.test_json.JSONRendererTests" name="test_list" time="0.001"></testcase><testcase classname="programytest.clients.render.test_json.JSONRendererTests" name="test_location" time="0.001"></testcase><testcase classname="programytest.clients.render.test_json.JSONRendererTests" name="test_olist" time="0.001"></testcase><testcase classname="programytest.clients.render.test_json.JSONRendererTests" name="test_postback_button" time="0.001"></testcase><testcase classname="programytest.clients.render.test_json.JSONRendererTests" name="test_reply_with_postback" time="0.004"></testcase><testcase classname="programytest.clients.render.test_json.JSONRendererTests" name="test_reply_without_postback" time="0.002"></testcase><testcase classname="programytest.clients.render.test_json.JSONRendererTests" name="test_split" time="0.002"></testcase><testcase classname="programytest.clients.render.test_json.JSONRendererTests" name="test_text_only" time="0.001"></testcase><testcase classname="programytest.clients.render.test_json.JSONRendererTests" name="test_url_button" time="0.001"></testcase><testcase classname="programytest.clients.render.test_json.JSONRendererTests" name="test_video" time="0.001"></testcase><testcase classname="programytest.clients.render.test_passthrough.PassThroughRendererTests" name="test_text_only" time="0.001"></testcase><testcase classname="programytest.clients.render.test_renderer.RichMediaRendererTests" name="test_card" time="0.003"></testcase><testcase classname="programytest.clients.render.test_renderer.RichMediaRendererTests" name="test_carousel" time="0.002"></testcase><testcase classname="programytest.clients.render.test_renderer.RichMediaRendererTests" name="test_delay" time="0.002"></testcase><testcase classname="programytest.clients.render.test_renderer.RichMediaRendererTests" name="test_image" time="0.003"></testcase><testcase classname="programytest.clients.render.test_renderer.RichMediaRendererTests" name="test_link" time="0.003"></testcase><testcase classname="programytest.clients.render.test_renderer.RichMediaRendererTests" name="test_list_with_nested_rcs" time="0.002"></testcase><testcase classname="programytest.clients.render.test_renderer.RichMediaRendererTests" name="test_list_with_text_only" time="0.001"></testcase><testcase classname="programytest.clients.render.test_renderer.RichMediaRendererTests" name="test_location" time="0.001"></testcase><testcase classname="programytest.clients.render.test_renderer.RichMediaRendererTests" name="test_olist" time="0.003"></testcase><testcase classname="programytest.clients.render.test_renderer.RichMediaRendererTests" name="test_postback_button" time="0.002"></testcase><testcase classname="programytest.clients.render.test_renderer.RichMediaRendererTests" name="test_reply_with_postback" time="0.002"></testcase><testcase classname="programytest.clients.render.test_renderer.RichMediaRendererTests" name="test_reply_without_postback" time="0.001"></testcase><testcase classname="programytest.clients.render.test_renderer.RichMediaRendererTests" name="test_split" time="0.002"></testcase><testcase classname="programytest.clients.render.test_renderer.RichMediaRendererTests" name="test_text_only" time="0.002"></testcase><testcase classname="programytest.clients.render.test_renderer.RichMediaRendererTests" name="test_url_button" time="0.002"></testcase><testcase classname="programytest.clients.render.test_renderer.RichMediaRendererTests" name="test_video" time="0.001"></testcase><testcase classname="programytest.clients.render.test_renderer.RichMediaRendererTests" name="test_xml_html" time="0.001"></testcase><testcase classname="programytest.clients.render.test_renderer_openchatbot.OpenChatBotRichMediaRendererTests" name="test_card" time="0.002"></testcase><testcase classname="programytest.clients.render.test_text.TextRendererTests" name="test_card" time="0.002"></testcase><testcase classname="programytest.clients.render.test_text.TextRendererTests" name="test_carousel" time="0.002"></testcase><testcase classname="programytest.clients.render.test_text.TextRendererTests" name="test_delay" time="0.001"></testcase><testcase classname="programytest.clients.render.test_text.TextRendererTests" name="test_image" time="0.001"></testcase><testcase classname="programytest.clients.render.test_text.TextRendererTests" name="test_link" time="0.001"></testcase><testcase classname="programytest.clients.render.test_text.TextRendererTests" name="test_list" time="0.003"></testcase><testcase classname="programytest.clients.render.test_text.TextRendererTests" name="test_location" time="0.002"></testcase><testcase classname="programytest.clients.render.test_text.TextRendererTests" name="test_olist" time="0.002"></testcase><testcase classname="programytest.clients.render.test_text.TextRendererTests" name="test_postback_button" time="0.001"></testcase><testcase classname="programytest.clients.render.test_text.TextRendererTests" name="test_reply_with_postback" time="0.002"></testcase><testcase classname="programytest.clients.render.test_text.TextRendererTests" name="test_reply_without_postback" time="0.001"></testcase><testcase classname="programytest.clients.render.test_text.TextRendererTests" name="test_split" time="0.001"></testcase><testcase classname="programytest.clients.render.test_text.TextRendererTests" name="test_text_only" time="0.001"></testcase><testcase classname="programytest.clients.render.test_text.TextRendererTests" name="test_url_button" time="0.001"></testcase><testcase classname="programytest.clients.render.test_text.TextRendererTests" name="test_video" time="0.001"></testcase><testcase classname="programytest.clients.restful.asyncio.microsoft.test_config.MicrosoftConfigurationTests" name="test_init" time="0.014"></testcase><testcase classname="programytest.clients.restful.asyncio.microsoft.test_config.MicrosoftConfigurationTests" name="test_init_no_values" time="0.003"></testcase><testcase classname="programytest.clients.restful.asyncio.microsoft.test_config.MicrosoftConfigurationTests" name="test_to_yaml_with_defaults" time="0.001"></testcase><testcase classname="programytest.clients.restful.flask.alexa.test_client.AlexaClientBotClientTests" name="test_add_intent" time="0.016"><system-out><![CDATA[Warning. No logging configuration file defined, using defaults...
No configuration file specified, using defaults only !
Alexa Client loaded
]]></system-out></testcase><testcase classname="programytest.clients.restful.flask.alexa.test_client.AlexaClientBotClientTests" name="test_alexa_client_init" time="0.016"><system-out><![CDATA[Warning. No logging configuration file defined, using defaults...
No configuration file specified, using defaults only !
Alexa Client loaded
]]></system-out></testcase><testcase classname="programytest.clients.restful.flask.alexa.test_client.AlexaClientBotClientTests" name="test_client_configuration" time="0.016"><system-out><![CDATA[Warning. No logging configuration file defined, using defaults...
No configuration file specified, using defaults only !
Alexa Client loaded
]]></system-out></testcase><testcase classname="programytest.clients.restful.flask.alexa.test_client.AlexaClientBotClientTests" name="test_create_response_defaults" time="0.017"><system-out><![CDATA[Warning. No logging configuration file defined, using defaults...
No configuration file specified, using defaults only !
Alexa Client loaded
]]></system-out></testcase><testcase classname="programytest.clients.restful.flask.alexa.test_client.AlexaClientBotClientTests" name="test_create_response_no_defaults" time="0.016"><system-out><![CDATA[Warning. No logging configuration file defined, using defaults...
No configuration file specified, using defaults only !
Alexa Client loaded
]]></system-out></testcase><testcase classname="programytest.clients.restful.flask.alexa.test_client.AlexaClientBotClientTests" name="test_extract_question" time="0.014"><system-out><![CDATA[Warning. No logging configuration file defined, using defaults...
No configuration file specified, using defaults only !
Alexa Client loaded
]]></system-out></testcase><testcase classname="programytest.clients.restful.flask.alexa.test_client.AlexaClientBotClientTests" name="test_get_userid" time="0.025"><system-out><![CDATA[Warning. No logging configuration file defined, using defaults...
No configuration file specified, using defaults only !
Alexa Client loaded
]]></system-out></testcase><testcase classname="programytest.clients.restful.flask.alexa.test_client.AlexaClientBotClientTests" name="test_handle_cancel_request" time="0.025"><system-out><![CDATA[Warning. No logging configuration file defined, using defaults...
No configuration file specified, using defaults only !
Alexa Client loaded
]]></system-out></testcase><testcase classname="programytest.clients.restful.flask.alexa.test_client.AlexaClientBotClientTests" name="test_handle_error" time="0.029"><system-out><![CDATA[Warning. No logging configuration file defined, using defaults...
No configuration file specified, using defaults only !
Alexa Client loaded
]]></system-out></testcase><testcase classname="programytest.clients.restful.flask.alexa.test_client.AlexaClientBotClientTests" name="test_handle_help_request" time="0.021"><system-out><![CDATA[Warning. No logging configuration file defined, using defaults...
No configuration file specified, using defaults only !
Alexa Client loaded
]]></system-out></testcase><testcase classname="programytest.clients.restful.flask.alexa.test_client.AlexaClientBotClientTests" name="test_handle_launch_request" time="0.019"><system-out><![CDATA[Warning. No logging configuration file defined, using defaults...
No configuration file specified, using defaults only !
Alexa Client loaded
Handling launch...
]]></system-out></testcase><testcase classname="programytest.clients.restful.flask.alexa.test_client.AlexaClientBotClientTests" name="test_handle_leave_request" time="0.023"><system-out><![CDATA[Warning. No logging configuration file defined, using defaults...
No configuration file specified, using defaults only !
Alexa Client loaded
]]></system-out></testcase><testcase classname="programytest.clients.restful.flask.alexa.test_client.AlexaClientBotClientTests" name="test_handle_reply_request" time="0.014"><system-out><![CDATA[Warning. No logging configuration file defined, using defaults...
No configuration file specified, using defaults only !
Alexa Client loaded
]]></system-out></testcase><testcase classname="programytest.clients.restful.flask.alexa.test_client.AlexaClientBotClientTests" name="test_handle_stop_request" time="0.013"><system-out><![CDATA[Warning. No logging configuration file defined, using defaults...
No configuration file specified, using defaults only !
Alexa Client loaded
]]></system-out></testcase><testcase classname="programytest.clients.restful.flask.alexa.test_client.AlexaClientBotClientTests" name="test_load_intent_mappings" time="0.019"><system-out><![CDATA[Warning. No logging configuration file defined, using defaults...
No configuration file specified, using defaults only !
Alexa Client loaded
]]></system-out></testcase><testcase classname="programytest.clients.restful.flask.alexa.test_client.AlexaClientBotClientTests" name="test_receive_message" time="0.014"><system-out><![CDATA[Warning. No logging configuration file defined, using defaults...
No configuration file specified, using defaults only !
Alexa Client loaded
Handling launch...
]]></system-out></testcase><testcase classname="programytest.clients.restful.flask.alexa.test_config.AlexaConfigurationTests" name="test_init" time="0.016"></testcase><testcase classname="programytest.clients.restful.flask.alexa.test_config.AlexaConfigurationTests" name="test_init_no_values" time="0.004"></testcase><testcase classname="programytest.clients.restful.flask.alexa.test_config.AlexaConfigurationTests" name="test_to_yaml_with_defaults" time="0.002"></testcase><testcase classname="programytest.clients.restful.flask.alexa.test_intents.CancelIntentTests" name="test_generate" time="0.001"></testcase><testcase classname="programytest.clients.restful.flask.alexa.test_intents.HelpIntentTests" name="test_generate" time="0.001"></testcase><testcase classname="programytest.clients.restful.flask.alexa.test_intents.IntentGeneratorTests" name="test_generate" time="0.009"></testcase><testcase classname="programytest.clients.restful.flask.alexa.test_intents.IntentsTests" name="test_generate" time="0.001"></testcase><testcase classname="programytest.clients.restful.flask.alexa.test_intents.InteractionModelTests" name="test_generate" time="0.001"></testcase><testcase classname="programytest.clients.restful.flask.alexa.test_intents.LanguageModelTests" name="test_generate" time="0.001"></testcase><testcase classname="programytest.clients.restful.flask.alexa.test_intents.QueryIntentTests" name="test_generate" time="0.001"></testcase><testcase classname="programytest.clients.restful.flask.alexa.test_intents.StopIntentTests" name="test_generate" time="0.001"></testcase><testcase classname="programytest.clients.restful.flask.facebook.test_client.FacebookClientBotClientTests" name="test_facebook_client_init" time="0.015"><system-out><![CDATA[Warning. No logging configuration file defined, using defaults...
No configuration file specified, using defaults only !
Facebook Client loaded
]]></system-out></testcase><testcase classname="programytest.clients.restful.flask.facebook.test_client.FacebookClientBotClientTests" name="test_get_message_text" time="0.018"><system-out><![CDATA[Warning. No logging configuration file defined, using defaults...
No configuration file specified, using defaults only !
Facebook Client loaded
]]></system-out></testcase><testcase classname="programytest.clients.restful.flask.facebook.test_client.FacebookClientBotClientTests" name="test_get_recipitent_id" time="0.016"><system-out><![CDATA[Warning. No logging configuration file defined, using defaults...
No configuration file specified, using defaults only !
Facebook Client loaded
]]></system-out></testcase><testcase classname="programytest.clients.restful.flask.facebook.test_client.FacebookClientBotClientTests" name="test_handle_message" time="0.020"><system-out><![CDATA[Warning. No logging configuration file defined, using defaults...
No configuration file specified, using defaults only !
Facebook Client loaded
]]></system-out></testcase><testcase classname="programytest.clients.restful.flask.facebook.test_client.FacebookClientBotClientTests" name="test_hub_challenge" time="0.014"><system-out><![CDATA[Warning. No logging configuration file defined, using defaults...
No configuration file specified, using defaults only !
Facebook Client loaded
]]></system-out></testcase><testcase classname="programytest.clients.restful.flask.facebook.test_client.FacebookClientBotClientTests" name="test_hub_verify_token" time="0.017"><system-out><![CDATA[Warning. No logging configuration file defined, using defaults...
No configuration file specified, using defaults only !
Facebook Client loaded
]]></system-out></testcase><testcase classname="programytest.clients.restful.flask.facebook.test_client.FacebookClientBotClientTests" name="test_process_facebook_message" time="0.015"><system-out><![CDATA[Warning. No logging configuration file defined, using defaults...
No configuration file specified, using defaults only !
Facebook Client loaded
]]></system-out></testcase><testcase classname="programytest.clients.restful.flask.facebook.test_client.FacebookClientBotClientTests" name="test_process_facebook_request" time="0.020"><system-out><![CDATA[Warning. No logging configuration file defined, using defaults...
No configuration file specified, using defaults only !
Facebook Client loaded
]]></system-out></testcase><testcase classname="programytest.clients.restful.flask.facebook.test_client.FacebookClientBotClientTests" name="test_render_response" time="0.015"><system-out><![CDATA[Warning. No logging configuration file defined, using defaults...
No configuration file specified, using defaults only !
Facebook Client loaded
]]></system-out></testcase><testcase classname="programytest.clients.restful.flask.facebook.test_client.FacebookClientBotClientTests" name="test_return_hub_challenge" time="0.015"><system-out><![CDATA[Warning. No logging configuration file defined, using defaults...
No configuration file specified, using defaults only !
Facebook Client loaded
]]></system-out></testcase><testcase classname="programytest.clients.restful.flask.facebook.test_client.FacebookClientBotClientTests" name="test_verify_fb_token" time="0.014"><system-out><![CDATA[Warning. No logging configuration file defined, using defaults...
No configuration file specified, using defaults only !
Facebook Client loaded
]]></system-out></testcase><testcase classname="programytest.clients.restful.flask.facebook.test_config.FacebookConfigurationTests" name="test_init" time="0.010"></testcase><testcase classname="programytest.clients.restful.flask.facebook.test_config.FacebookConfigurationTests" name="test_init_no_values" time="0.005"></testcase><testcase classname="programytest.clients.restful.flask.facebook.test_config.FacebookConfigurationTests" name="test_to_yaml_with_defaults" time="0.002"></testcase><testcase classname="programytest.clients.restful.flask.facebook.test_renderer.FacebookRendererTests" name="test_handle_card" time="0.013"><system-out><![CDATA[Warning. No logging configuration file defined, using defaults...
No configuration file specified, using defaults only !
Facebook Client loaded
]]></system-out></testcase><testcase classname="programytest.clients.restful.flask.facebook.test_renderer.FacebookRendererTests" name="test_handle_carousel" time="0.018"><system-out><![CDATA[Warning. No logging configuration file defined, using defaults...
No configuration file specified, using defaults only !
Facebook Client loaded
]]></system-out></testcase><testcase classname="programytest.clients.restful.flask.facebook.test_renderer.FacebookRendererTests" name="test_handle_delay" time="0.015"><system-out><![CDATA[Warning. No logging configuration file defined, using defaults...
No configuration file specified, using defaults only !
Facebook Client loaded
]]></system-out></testcase><testcase classname="programytest.clients.restful.flask.facebook.test_renderer.FacebookRendererTests" name="test_handle_image" time="0.015"><system-out><![CDATA[Warning. No logging configuration file defined, using defaults...
No configuration file specified, using defaults only !
Facebook Client loaded
]]></system-out></testcase><testcase classname="programytest.clients.restful.flask.facebook.test_renderer.FacebookRendererTests" name="test_handle_link" time="0.014"><system-out><![CDATA[Warning. No logging configuration file defined, using defaults...
No configuration file specified, using defaults only !
Facebook Client loaded
]]></system-out></testcase><testcase classname="programytest.clients.restful.flask.facebook.test_renderer.FacebookRendererTests" name="test_handle_list" time="0.015"><system-out><![CDATA[Warning. No logging configuration file defined, using defaults...
No configuration file specified, using defaults only !
Facebook Client loaded
]]></system-out></testcase><testcase classname="programytest.clients.restful.flask.facebook.test_renderer.FacebookRendererTests" name="test_handle_location" time="0.020"><system-out><![CDATA[Warning. No logging configuration file defined, using defaults...
No configuration file specified, using defaults only !
Facebook Client loaded
]]></system-out></testcase><testcase classname="programytest.clients.restful.flask.facebook.test_renderer.FacebookRendererTests" name="test_handle_ordered_list" time="0.031"><system-out><![CDATA[Warning. No logging configuration file defined, using defaults...
No configuration file specified, using defaults only !
Facebook Client loaded
]]></system-out></testcase><testcase classname="programytest.clients.restful.flask.facebook.test_renderer.FacebookRendererTests" name="test_handle_postback_button" time="0.015"><system-out><![CDATA[Warning. No logging configuration file defined, using defaults...
No configuration file specified, using defaults only !
Facebook Client loaded
]]></system-out></testcase><testcase classname="programytest.clients.restful.flask.facebook.test_renderer.FacebookRendererTests" name="test_handle_postback_reply" time="0.007"><system-out><![CDATA[Warning. No logging configuration file defined, using defaults...
No configuration file specified, using defaults only !
Facebook Client loaded
]]></system-out></testcase><testcase classname="programytest.clients.restful.flask.facebook.test_renderer.FacebookRendererTests" name="test_handle_reply" time="0.011"><system-out><![CDATA[Warning. No logging configuration file defined, using defaults...
No configuration file specified, using defaults only !
Facebook Client loaded
]]></system-out></testcase><testcase classname="programytest.clients.restful.flask.facebook.test_renderer.FacebookRendererTests" name="test_handle_split" time="0.015"><system-out><![CDATA[Warning. No logging configuration file defined, using defaults...
No configuration file specified, using defaults only !
Facebook Client loaded
]]></system-out></testcase><testcase classname="programytest.clients.restful.flask.facebook.test_renderer.FacebookRendererTests" name="test_handle_text" time="0.012"><system-out><![CDATA[Warning. No logging configuration file defined, using defaults...
No configuration file specified, using defaults only !
Facebook Client loaded
]]></system-out></testcase><testcase classname="programytest.clients.restful.flask.facebook.test_renderer.FacebookRendererTests" name="test_handle_url_button" time="0.013"><system-out><![CDATA[Warning. No logging configuration file defined, using defaults...
No configuration file specified, using defaults only !
Facebook Client loaded
]]></system-out></testcase><testcase classname="programytest.clients.restful.flask.facebook.test_renderer.FacebookRendererTests" name="test_handle_video" time="0.011"><system-out><![CDATA[Warning. No logging configuration file defined, using defaults...
No configuration file specified, using defaults only !
Facebook Client loaded
]]></system-out></testcase><testcase classname="programytest.clients.restful.flask.facebook.test_renderer.FacebookRendererTests" name="test_render_payload" time="0.014"><system-out><![CDATA[Warning. No logging configuration file defined, using defaults...
No configuration file specified, using defaults only !
Facebook Client loaded
]]></system-out></testcase><testcase classname="programytest.clients.restful.flask.google.test_client.GoogleClientBotClientTests" name="test_client_configuration" time="0.017"><system-out><![CDATA[Warning. No logging configuration file defined, using defaults...
No configuration file specified, using defaults only !
Google Client loaded
]]></system-out></testcase><testcase classname="programytest.clients.restful.flask.google.test_client.GoogleClientBotClientTests" name="test_google_client_init" time="0.013"><system-out><![CDATA[Warning. No logging configuration file defined, using defaults...
No configuration file specified, using defaults only !
Google Client loaded
]]></system-out></testcase><testcase classname="programytest.clients.restful.flask.google.test_client.GoogleClientBotClientTests" name="test_receive_launch_intent_message" time="0.010"><system-out><![CDATA[Warning. No logging configuration file defined, using defaults...
No configuration file specified, using defaults only !
Google Client loaded
]]></system-out></testcase><testcase classname="programytest.clients.restful.flask.google.test_config.GoogleConfigurationTests" name="test_init" time="0.016"></testcase><testcase classname="programytest.clients.restful.flask.google.test_config.GoogleConfigurationTests" name="test_init_no_values" time="0.005"></testcase><testcase classname="programytest.clients.restful.flask.google.test_config.GoogleConfigurationTests" name="test_to_yaml_with_defaults" time="0.002"></testcase><testcase classname="programytest.clients.restful.flask.kik.test_client.KikBotClientTests" name="test_handle_message_request" time="0.012"><system-out><![CDATA[Warning. No logging configuration file defined, using defaults...
No configuration file specified, using defaults only !
]]></system-out></testcase><testcase classname="programytest.clients.restful.flask.kik.test_client.KikBotClientTests" name="test_handle_message_request_unknown" time="0.011"><system-out><![CDATA[Warning. No logging configuration file defined, using defaults...
No configuration file specified, using defaults only !
]]></system-out></testcase><testcase classname="programytest.clients.restful.flask.kik.test_client.KikBotClientTests" name="test_handle_text_message" time="0.017"><system-out><![CDATA[Warning. No logging configuration file defined, using defaults...
No configuration file specified, using defaults only !
]]></system-out></testcase><testcase classname="programytest.clients.restful.flask.kik.test_client.KikBotClientTests" name="test_handle_unknown_message" time="0.012"><system-out><![CDATA[Warning. No logging configuration file defined, using defaults...
No configuration file specified, using defaults only !
]]></system-out></testcase><testcase classname="programytest.clients.restful.flask.kik.test_client.KikBotClientTests" name="test_kik_client_init" time="0.015"><system-out><![CDATA[Warning. No logging configuration file defined, using defaults...
No configuration file specified, using defaults only !
]]></system-out></testcase><testcase classname="programytest.clients.restful.flask.kik.test_client.KikBotClientTests" name="test_receive_message_invalid_message" time="0.012"><system-out><![CDATA[Warning. No logging configuration file defined, using defaults...
No configuration file specified, using defaults only !
]]></system-out></testcase><testcase classname="programytest.clients.restful.flask.kik.test_client.KikBotClientTests" name="test_receive_message_valid_message" time="0.012"><system-out><![CDATA[Warning. No logging configuration file defined, using defaults...
No configuration file specified, using defaults only !
]]></system-out></testcase><testcase classname="programytest.clients.restful.flask.kik.test_config.KikConfigurationTests" name="test_init" time="0.015"></testcase><testcase classname="programytest.clients.restful.flask.kik.test_config.KikConfigurationTests" name="test_init_no_data" time="0.005"></testcase><testcase classname="programytest.clients.restful.flask.kik.test_config.KikConfigurationTests" name="test_init_no_values" time="0.003"></testcase><testcase classname="programytest.clients.restful.flask.kik.test_config.KikConfigurationTests" name="test_to_yaml_with_defaults" time="0.001"></testcase><testcase classname="programytest.clients.restful.flask.line.test_client.LineBotClientTests" name="test_handle_message_request" time="0.020"><system-out><![CDATA[Warning. No logging configuration file defined, using defaults...
No configuration file specified, using defaults only !
]]></system-out></testcase><testcase classname="programytest.clients.restful.flask.line.test_client.LineBotClientTests" name="test_handle_text_message" time="0.012"><system-out><![CDATA[Warning. No logging configuration file defined, using defaults...
No configuration file specified, using defaults only !
]]></system-out></testcase><testcase classname="programytest.clients.restful.flask.line.test_client.LineBotClientTests" name="test_handle_unknown_event" time="0.018"><system-out><![CDATA[Warning. No logging configuration file defined, using defaults...
No configuration file specified, using defaults only !
]]></system-out></testcase><testcase classname="programytest.clients.restful.flask.line.test_client.LineBotClientTests" name="test_handle_unknown_message" time="0.017"><system-out><![CDATA[Warning. No logging configuration file defined, using defaults...
No configuration file specified, using defaults only !
]]></system-out></testcase><testcase classname="programytest.clients.restful.flask.line.test_client.LineBotClientTests" name="test_line_client_init" time="0.018"><system-out><![CDATA[Warning. No logging configuration file defined, using defaults...
No configuration file specified, using defaults only !
]]></system-out></testcase><testcase classname="programytest.clients.restful.flask.line.test_client.LineBotClientTests" name="test_receive_message" time="0.013"><system-out><![CDATA[Warning. No logging configuration file defined, using defaults...
No configuration file specified, using defaults only !
]]></system-out></testcase><testcase classname="programytest.clients.restful.flask.line.test_config.LineConfigurationTests" name="test_init" time="0.020"></testcase><testcase classname="programytest.clients.restful.flask.line.test_config.LineConfigurationTests" name="test_init_no_data" time="0.005"></testcase><testcase classname="programytest.clients.restful.flask.line.test_config.LineConfigurationTests" name="test_init_no_values" time="0.005"></testcase><testcase classname="programytest.clients.restful.flask.line.test_config.LineConfigurationTests" name="test_to_yaml_with_defaults" time="0.001"></testcase><testcase classname="programytest.clients.restful.flask.twilio.test_client.TwilioBotClientTests" name="test_create_response" time="0.018"><system-out><![CDATA[Warning. No logging configuration file defined, using defaults...
No configuration file specified, using defaults only !
Twilio Client loaded
]]></system-out></testcase><testcase classname="programytest.clients.restful.flask.twilio.test_client.TwilioBotClientTests" name="test_receive_message_get" time="0.024"><system-out><![CDATA[Warning. No logging configuration file defined, using defaults...
No configuration file specified, using defaults only !
Twilio Client loaded
]]></system-out></testcase><testcase classname="programytest.clients.restful.flask.twilio.test_client.TwilioBotClientTests" name="test_receive_message_post" time="0.025"><system-out><![CDATA[Warning. No logging configuration file defined, using defaults...
No configuration file specified, using defaults only !
Twilio Client loaded
]]></system-out></testcase><testcase classname="programytest.clients.restful.flask.twilio.test_client.TwilioBotClientTests" name="test_twilio_client_init" time="0.022"><system-out><![CDATA[Warning. No logging configuration file defined, using defaults...
No configuration file specified, using defaults only !
Twilio Client loaded
]]></system-out></testcase><testcase classname="programytest.clients.restful.flask.twilio.test_config.TwilioConfigurationTests" name="test_init" time="0.012"></testcase><testcase classname="programytest.clients.restful.flask.twilio.test_config.TwilioConfigurationTests" name="test_init_no_values" time="0.007"></testcase><testcase classname="programytest.clients.restful.flask.twilio.test_config.TwilioConfigurationTests" name="test_to_yaml_with_defaults" time="0.003"></testcase><testcase classname="programytest.clients.restful.flask.viber.test_client.ViberBotClientTests" name="test_create_viber_bot_no_avatar" time="0.013"><system-out><![CDATA[Warning. No logging configuration file defined, using defaults...
No configuration file specified, using defaults only !
]]></system-out></testcase><testcase classname="programytest.clients.restful.flask.viber.test_client.ViberBotClientTests" name="test_create_viber_bot_no_name" time="0.015"><system-out><![CDATA[Warning. No logging configuration file defined, using defaults...
No configuration file specified, using defaults only !
]]></system-out></testcase><testcase classname="programytest.clients.restful.flask.viber.test_client.ViberBotClientTests" name="test_create_viber_bot_no_token" time="0.017"><system-out><![CDATA[Warning. No logging configuration file defined, using defaults...
No configuration file specified, using defaults only !
]]></system-out></testcase><testcase classname="programytest.clients.restful.flask.viber.test_client.ViberBotClientTests" name="test_create_viber_bot_no_webhook" time="0.012"><system-out><![CDATA[Warning. No logging configuration file defined, using defaults...
No configuration file specified, using defaults only !
]]></system-out></testcase><testcase classname="programytest.clients.restful.flask.viber.test_client.ViberBotClientTests" name="test_handle_conversation_started_request" time="0.015"><system-out><![CDATA[Warning. No logging configuration file defined, using defaults...
No configuration file specified, using defaults only !
]]></system-out></testcase><testcase classname="programytest.clients.restful.flask.viber.test_client.ViberBotClientTests" name="test_handle_failed_request" time="0.017"><system-out><![CDATA[Warning. No logging configuration file defined, using defaults...
No configuration file specified, using defaults only !
]]></system-out></testcase><testcase classname="programytest.clients.restful.flask.viber.test_client.ViberBotClientTests" name="test_handle_message_request" time="0.014"><system-out><![CDATA[Warning. No logging configuration file defined, using defaults...
No configuration file specified, using defaults only !
]]></system-out></testcase><testcase classname="programytest.clients.restful.flask.viber.test_client.ViberBotClientTests" name="test_handle_subscribed_request" time="0.016"><system-out><![CDATA[Warning. No logging configuration file defined, using defaults...
No configuration file specified, using defaults only !
]]></system-out></testcase><testcase classname="programytest.clients.restful.flask.viber.test_client.ViberBotClientTests" name="test_handle_unknown_request" time="0.011"><system-out><![CDATA[Warning. No logging configuration file defined, using defaults...
No configuration file specified, using defaults only !
]]></system-out></testcase><testcase classname="programytest.clients.restful.flask.viber.test_client.ViberBotClientTests" name="test_handle_unsubscribed_request" time="0.018"><system-out><![CDATA[Warning. No logging configuration file defined, using defaults...
No configuration file specified, using defaults only !
]]></system-out></testcase><testcase classname="programytest.clients.restful.flask.viber.test_client.ViberBotClientTests" name="test_receive_message" time="0.021"><system-out><![CDATA[Warning. No logging configuration file defined, using defaults...
No configuration file specified, using defaults only !
]]></system-out></testcase><testcase classname="programytest.clients.restful.flask.viber.test_client.ViberBotClientTests" name="test_viber_client_init" time="0.017"><system-out><![CDATA[Warning. No logging configuration file defined, using defaults...
No configuration file specified, using defaults only !
]]></system-out></testcase><testcase classname="programytest.clients.restful.flask.viber.test_config.ViberConfigurationTests" name="test_init" time="0.014"></testcase><testcase classname="programytest.clients.restful.flask.viber.test_config.ViberConfigurationTests" name="test_init_no_values" time="0.002"></testcase><testcase classname="programytest.clients.restful.flask.viber.test_config.ViberConfigurationTests" name="test_to_yaml_with_defaults" time="0.001"></testcase><testcase classname="programytest.clients.restful.flask.webchat.test_client.WebChatBotClientTests" name="test_api_keys" time="0.016"><system-out><![CDATA[Warning. No logging configuration file defined, using defaults...
No configuration file specified, using defaults only !
]]></system-out></testcase><testcase classname="programytest.clients.restful.flask.webchat.test_client.WebChatBotClientTests" name="test_check_api_key_not_required" time="0.019"><system-out><![CDATA[Warning. No logging configuration file defined, using defaults...
No configuration file specified, using defaults only !
]]></system-out></testcase><testcase classname="programytest.clients.restful.flask.webchat.test_client.WebChatBotClientTests" name="test_check_api_key_required_key_invalid" time="0.015"><system-out><![CDATA[Warning. No logging configuration file defined, using defaults...
No configuration file specified, using defaults only !
]]></system-out></testcase><testcase classname="programytest.clients.restful.flask.webchat.test_client.WebChatBotClientTests" name="test_check_api_key_required_key_missing" time="0.018"><system-out><![CDATA[Warning. No logging configuration file defined, using defaults...
No configuration file specified, using defaults only !
]]></system-out></testcase><testcase classname="programytest.clients.restful.flask.webchat.test_client.WebChatBotClientTests" name="test_check_api_key_required_valid" time="0.015"><system-out><![CDATA[Warning. No logging configuration file defined, using defaults...
No configuration file specified, using defaults only !
]]></system-out></testcase><testcase classname="programytest.clients.restful.flask.webchat.test_client.WebChatBotClientTests" name="test_create_error_response_data" time="0.025"><system-out><![CDATA[Warning. No logging configuration file defined, using defaults...
No configuration file specified, using defaults only !
]]></system-out></testcase><testcase classname="programytest.clients.restful.flask.webchat.test_client.WebChatBotClientTests" name="test_create_success_response_data" time="0.024"><system-out><![CDATA[Warning. No logging configuration file defined, using defaults...
No configuration file specified, using defaults only !
]]></system-out></testcase><testcase classname="programytest.clients.restful.flask.webchat.test_client.WebChatBotClientTests" name="test_get_api_key_exists" time="0.026"><system-out><![CDATA[Warning. No logging configuration file defined, using defaults...
No configuration file specified, using defaults only !
]]></system-out></testcase><testcase classname="programytest.clients.restful.flask.webchat.test_client.WebChatBotClientTests" name="test_get_api_key_not_exists" time="0.031"><system-out><![CDATA[Warning. No logging configuration file defined, using defaults...
No configuration file specified, using defaults only !
]]></system-out></testcase><testcase classname="programytest.clients.restful.flask.webchat.test_client.WebChatBotClientTests" name="test_get_question_exists" time="0.023"><system-out><![CDATA[Warning. No logging configuration file defined, using defaults...
No configuration file specified, using defaults only !
]]></system-out></testcase><testcase classname="programytest.clients.restful.flask.webchat.test_client.WebChatBotClientTests" name="test_get_question_not_exists" time="0.015"><system-out><![CDATA[Warning. No logging configuration file defined, using defaults...
No configuration file specified, using defaults only !
]]></system-out></testcase><testcase classname="programytest.clients.restful.flask.webchat.test_client.WebChatBotClientTests" name="test_get_userid_cookie_expirary_date" time="0.019"><system-out><![CDATA[Warning. No logging configuration file defined, using defaults...
No configuration file specified, using defaults only !
]]></system-out></testcase><testcase classname="programytest.clients.restful.flask.webchat.test_client.WebChatBotClientTests" name="test_get_userid_missing" time="0.016"><system-out><![CDATA[Warning. No logging configuration file defined, using defaults...
No configuration file specified, using defaults only !
]]></system-out></testcase><testcase classname="programytest.clients.restful.flask.webchat.test_client.WebChatBotClientTests" name="test_get_userid_present" time="0.015"><system-out><![CDATA[Warning. No logging configuration file defined, using defaults...
No configuration file specified, using defaults only !
]]></system-out></testcase><testcase classname="programytest.clients.restful.flask.webchat.test_client.WebChatBotClientTests" name="test_receive_message" time="0.027"><system-out><![CDATA[Warning. No logging configuration file defined, using defaults...
No configuration file specified, using defaults only !
]]></system-out></testcase><testcase classname="programytest.clients.restful.flask.webchat.test_client.WebChatBotClientTests" name="test_webchat_client_init" time="0.023"><system-out><![CDATA[Warning. No logging configuration file defined, using defaults...
No configuration file specified, using defaults only !
]]></system-out></testcase><testcase classname="programytest.clients.restful.flask.webchat.test_config.WebChatConfigurationTests" name="test_init" time="0.014"></testcase><testcase classname="programytest.clients.restful.flask.webchat.test_config.WebChatConfigurationTests" name="test_to_yaml_with_defaults" time="0.003"></testcase><testcase classname="programytest.clients.restful.flask.test_client.FlaskRestBotClientTests" name="test_get_api_key" time="0.022"><system-out><![CDATA[Warning. No logging configuration file defined, using defaults...
No configuration file specified, using defaults only !
]]></system-out></testcase><testcase classname="programytest.clients.restful.flask.test_client.FlaskRestBotClientTests" name="test_rest_client_init" time="0.025"><system-out><![CDATA[Warning. No logging configuration file defined, using defaults...
No configuration file specified, using defaults only !
]]></system-out></testcase><testcase classname="programytest.clients.restful.flask.test_client.FlaskRestBotClientTests" name="test_verify_api_key_usage_active" time="0.026"><system-out><![CDATA[Warning. No logging configuration file defined, using defaults...
No configuration file specified, using defaults only !
]]></system-out></testcase><testcase classname="programytest.clients.restful.flask.test_client.FlaskRestBotClientTests" name="test_verify_api_key_usage_active_invalid_apikey" time="0.018"><system-out><![CDATA[Warning. No logging configuration file defined, using defaults...
No configuration file specified, using defaults only !
]]></system-out></testcase><testcase classname="programytest.clients.restful.flask.test_client.FlaskRestBotClientTests" name="test_verify_api_key_usage_active_no_apikey" time="0.015"><system-out><![CDATA[Warning. No logging configuration file defined, using defaults...
No configuration file specified, using defaults only !
]]></system-out></testcase><testcase classname="programytest.clients.restful.flask.test_client.FlaskRestBotClientTests" name="test_verify_api_key_usage_inactive" time="0.017"><system-out><![CDATA[Warning. No logging configuration file defined, using defaults...
No configuration file specified, using defaults only !
]]></system-out></testcase><testcase classname="programytest.clients.restful.sanic.test_client.SanicRestBotClientTests" name="test_get_api_key" time="0.024"><system-out><![CDATA[Warning. No logging configuration file defined, using defaults...
No configuration file specified, using defaults only !
]]></system-out></testcase><testcase classname="programytest.clients.restful.sanic.test_client.SanicRestBotClientTests" name="test_rest_client_init" time="0.018"><system-out><![CDATA[Warning. No logging configuration file defined, using defaults...
No configuration file specified, using defaults only !
]]></system-out></testcase><testcase classname="programytest.clients.restful.sanic.test_client.SanicRestBotClientTests" name="test_verify_api_key_usage_active" time="0.021"><system-out><![CDATA[Warning. No logging configuration file defined, using defaults...
No configuration file specified, using defaults only !
]]></system-out></testcase><testcase classname="programytest.clients.restful.sanic.test_client.SanicRestBotClientTests" name="test_verify_api_key_usage_active_invalid_apikey" time="0.020"><system-out><![CDATA[Warning. No logging configuration file defined, using defaults...
No configuration file specified, using defaults only !
]]></system-out></testcase><testcase classname="programytest.clients.restful.sanic.test_client.SanicRestBotClientTests" name="test_verify_api_key_usage_active_no_apikey" time="0.024"><system-out><![CDATA[Warning. No logging configuration file defined, using defaults...
No configuration file specified, using defaults only !
]]></system-out></testcase><testcase classname="programytest.clients.restful.sanic.test_client.SanicRestBotClientTests" name="test_verify_api_key_usage_inactive" time="0.024"><system-out><![CDATA[Warning. No logging configuration file defined, using defaults...
No configuration file specified, using defaults only !
]]></system-out></testcase><testcase classname="programytest.clients.restful.sanic.test_config.SanicRestConfigurationTests" name="test_init" time="0.017"></testcase><testcase classname="programytest.clients.restful.sanic.test_config.SanicRestConfigurationTests" name="test_init_no_values" time="0.006"></testcase><testcase classname="programytest.clients.restful.sanic.test_config.SanicRestConfigurationTests" name="test_to_yaml_with_defaults" time="0.002"></testcase><testcase classname="programytest.clients.restful.test_apikeys.APIKeysHandlerTests" name="test_api_keys" time="0.022"><system-out><![CDATA[Warning. No logging configuration file defined, using defaults...
No configuration file specified, using defaults only !
]]></system-out></testcase><testcase classname="programytest.clients.restful.test_apikeys.APIKeysHandlerTests" name="test_get_api_key" time="0.003"></testcase><testcase classname="programytest.clients.restful.test_apikeys.APIKeysHandlerTests" name="test_init" time="0.002"></testcase><testcase classname="programytest.clients.restful.test_apikeys.APIKeysHandlerTests" name="test_verify_api_key_usage" time="0.022"><system-out><![CDATA[Warning. No logging configuration file defined, using defaults...
No configuration file specified, using defaults only !
]]></system-out></testcase><testcase classname="programytest.clients.restful.test_auth.RestAuthorizationHandlerTests" name="test_basic_authorisation" time="0.029"><system-out><![CDATA[Warning. No logging configuration file defined, using defaults...
No configuration file specified, using defaults only !
]]></system-out></testcase><testcase classname="programytest.clients.restful.test_auth.RestAuthorizationHandlerTests" name="test_unsupported_authorisation" time="0.022"><system-out><![CDATA[Warning. No logging configuration file defined, using defaults...
No configuration file specified, using defaults only !
]]></system-out></testcase><testcase classname="programytest.clients.restful.test_auth.RestBasicAuthorizationHandlerTests" name="test_authorise_invalid_header" time="0.022"><system-out><![CDATA[Warning. No logging configuration file defined, using defaults...
No configuration file specified, using defaults only !
]]></system-out></testcase><testcase classname="programytest.clients.restful.test_auth.RestBasicAuthorizationHandlerTests" name="test_authorise_noheader" time="0.023"><system-out><![CDATA[Warning. No logging configuration file defined, using defaults...
No configuration file specified, using defaults only !
]]></system-out></testcase><testcase classname="programytest.clients.restful.test_auth.RestBasicAuthorizationHandlerTests" name="test_authorise_valid_header" time="0.023"><system-out><![CDATA[Warning. No logging configuration file defined, using defaults...
No configuration file specified, using defaults only !
]]></system-out></testcase><testcase classname="programytest.clients.restful.test_auth.RestBasicAuthorizationHandlerTests" name="test_init" time="0.021"><system-out><![CDATA[Warning. No logging configuration file defined, using defaults...
No configuration file specified, using defaults only !
]]></system-out></testcase><testcase classname="programytest.clients.restful.test_client.RestBotClientTests" name="test_api_keys" time="0.023"><system-out><![CDATA[Warning. No logging configuration file defined, using defaults...
No configuration file specified, using defaults only !
]]></system-out></testcase><testcase classname="programytest.clients.restful.test_client.RestBotClientTests" name="test_init" time="0.024"><system-out><![CDATA[Warning. No logging configuration file defined, using defaults...
No configuration file specified, using defaults only !
]]></system-out></testcase><testcase classname="programytest.clients.restful.test_config.RestConfigurationTests" name="test_init_no_values" time="0.005"></testcase><testcase classname="programytest.clients.restful.test_config.RestConfigurationTests" name="test_init_with_auth" time="0.015"></testcase><testcase classname="programytest.clients.restful.test_config.RestConfigurationTests" name="test_init_without_auth" time="0.017"></testcase><testcase classname="programytest.clients.restful.test_config.RestConfigurationTests" name="test_to_yaml_with_defaults" time="0.002"></testcase><testcase classname="programytest.clients.restful.test_v1apihandlers.APIHandler_V1_0Tests" name="test_format_error_response" time="0.001"></testcase><testcase classname="programytest.clients.restful.test_v1apihandlers.APIHandler_V1_0Tests" name="test_format_success_response" time="0.002"></testcase><testcase classname="programytest.clients.restful.test_v1apihandlers.APIHandler_V1_0Tests" name="test_init" time="0.001"></testcase><testcase classname="programytest.clients.restful.test_v1apihandlers.APIHandler_V1_0Tests" name="test_process_get_request" time="0.001"></testcase><testcase classname="programytest.clients.restful.test_v2apihandlers.APIHandler_V2_0Tests" name="test_format_error_response" time="0.001"></testcase><testcase classname="programytest.clients.restful.test_v2apihandlers.APIHandler_V2_0Tests" name="test_format_success_response" time="0.001"></testcase><testcase classname="programytest.clients.restful.test_v2apihandlers.APIHandler_V2_0Tests" name="test_init" time="0.001"></testcase><testcase classname="programytest.clients.restful.test_v2apihandlers.APIHandler_V2_0Tests" name="test_process_get_request" time="0.002"><system-out><![CDATA[Hello
[...]
ramytest.aiml_tests.template_set_tests.test_template_set_aiml.TemplateSetAIMLTests" name="test_multi_word_var_set_topic" time="0.071"></testcase><testcase classname="programytest.aiml_tests.template_set_tests.test_template_set_aiml.TemplateSetAIMLTests" name="test_name_set_topic" time="0.073"></testcase><testcase classname="programytest.aiml_tests.template_set_tests.test_template_set_aiml.TemplateSetAIMLTests" name="test_topic_set" time="0.080"></testcase><testcase classname="programytest.aiml_tests.template_set_tests.test_template_set_aiml.TemplateSetAIMLTests" name="test_var_set_topic" time="0.079"></testcase><testcase classname="programytest.aiml_tests.template_set_tests.test_template_set_aiml.TemplateSetAIMLTests" name="test_var_transience" time="0.094"></testcase><testcase classname="programytest.aiml_tests.text_tests.test_text_aiml.TextAIMLTests" name="test_formal" time="0.065"></testcase><testcase classname="programytest.aiml_tests.text_tests.test_text_aiml.TextAIMLTests" name="test_lowercase" time="0.068"></testcase><testcase classname="programytest.aiml_tests.text_tests.test_text_aiml.TextAIMLTests" name="test_sentence" time="0.068"></testcase><testcase classname="programytest.aiml_tests.text_tests.test_text_aiml.TextAIMLTests" name="test_uppercase" time="0.068"></testcase><testcase classname="test_that_srai_aiml.ThatSraiAIMLTests" name="test_that_srai_agreement" time="0.107"></testcase><testcase classname="test_that_srai_aiml.ThatSraiAIMLTests" name="test_that_srai_disagreement" time="0.112"></testcase><testcase classname="programytest.aiml_tests.that_tests.case.test_case.ThatAIMLTests" name="test_that_case" time="0.081"></testcase><testcase classname="programytest.aiml_tests.that_tests.coffee.test_coffee.ThatAIMLTests" name="test_coffee_no_question" time="0.080"></testcase><testcase classname="programytest.aiml_tests.that_tests.coffee.test_coffee.ThatAIMLTests" name="test_coffee_yes_question" time="0.075"></testcase><testcase classname="programytest.aiml_tests.that_tests.core.test_core.ThatAIMLTests" name="test_that_single_that_word" time="0.075"></testcase><testcase classname="programytest.aiml_tests.that_tests.core.test_core.ThatAIMLTests" name="test_wildcard_matching_one_or_more" time="0.075"></testcase><testcase classname="programytest.aiml_tests.that_tests.core.test_core.ThatAIMLTests" name="test_wildcard_matching_zero_or_more" time="0.072"></testcase><testcase classname="programytest.aiml_tests.that_tests.multi_sentence.test_multi_sentence.ThatAIMLTests" name="test_multiple_sentenes" time="0.077"></testcase><testcase classname="programytest.aiml_tests.thatstar_tests.test_thatstar_aiml.ThatStarAIMLTests" name="test_single_thatstar_word_default" time="0.071"></testcase><testcase classname="programytest.aiml_tests.think_tests.test_think_aiml.ThinkAIMLTests" name="test_set_think" time="0.064"></testcase><testcase classname="programytest.aiml_tests.think_tests.test_think_aiml.ThinkAIMLTests" name="test_think" time="0.071"></testcase><testcase classname="programytest.aiml_tests.timeout_tests.test_timeout_aiml.TimeoutAIMLTests" name="test_max_question_recursion_timeout" time="0.117"></testcase><testcase classname="programytest.aiml_tests.timeout_tests.test_timeout_aiml.TimeoutAIMLTests" name="test_max_question_timeout_timeout" time="0.179"></testcase><testcase classname="programytest.aiml_tests.topic_tests.core.test_topic_aiml.TopicAIMLTests" name="test_topic_multiple_topic_words" time="0.085"></testcase><testcase classname="programytest.aiml_tests.topic_tests.core.test_topic_aiml.TopicAIMLTests" name="test_topic_single_topic_word" time="0.082"></testcase><testcase classname="programytest.aiml_tests.topic_tests.core.test_topic_aiml.TopicAIMLTests" name="test_topic_wildcard_topic_words" time="0.095"></testcase><testcase classname="programytest.aiml_tests.topic_tests.gimisa.test_gimisa_aiml.GimisaAIMLTests" name="test_ask_blender_twice" time="0.085"></testcase><testcase classname="programytest.aiml_tests.topic_tests.yesno.test_yesno_aiml.YesNoAIMLTests" name="test_ask_yes_no" time="0.114"></testcase><testcase classname="programytest.aiml_tests.topicstar_tests.test_topicstar_aiml.TopicStarAIMLTests" name="test_single_topicstar_word" time="0.074"></testcase><testcase classname="programytest.aiml_tests.train_tests.test_now_ask_me.TrainAIMLTests" name="test_now_ask_me" time="0.300"></testcase><testcase classname="programytest.aiml_tests.train_tests.test_train_aiml.TrainAIMLTests" name="test_train_noun" time="0.356"></testcase><testcase classname="programytest.aiml_tests.train_tests.test_train_aiml.TrainAIMLTests" name="test_train_pronoun" time="0.301"></testcase><testcase classname="hash.test_hash_udc_aiml.UDCAIMLTests" name="test_udc_empty_string_question1" time="0.066"></testcase><testcase classname="hash.test_hash_udc_aiml.UDCAIMLTests" name="test_udc_empty_string_question2" time="0.065"></testcase><testcase classname="hash.test_hash_udc_aiml.UDCAIMLTests" name="test_udc_multi_word_question" time="0.074"></testcase><testcase classname="hash.test_hash_udc_aiml.UDCAIMLTests" name="test_udc_single_word_question" time="0.072"></testcase><testcase classname="star.test_star_udc_aiml.StarUDCAIMLTests" name="test_udc_empty_string_question" time="0.062"></testcase><testcase classname="star.test_star_udc_aiml.StarUDCAIMLTests" name="test_udc_multi_word_question" time="0.064"></testcase><testcase classname="star.test_star_udc_aiml.StarUDCAIMLTests" name="test_udc_single_word_question" time="0.070"></testcase><testcase classname="programytest.aiml_tests.underline_tests.test_underline_aiml.UnderlineAIMLTests" name="test_multi_underline" time="0.065"></testcase><testcase classname="programytest.aiml_tests.underline_tests.test_underline_aiml.UnderlineAIMLTests" name="test_multi_underline_mulit_words" time="0.069"></testcase><testcase classname="programytest.aiml_tests.underline_tests.test_underline_aiml.UnderlineAIMLTests" name="test_underline_first" time="0.067"></testcase><testcase classname="programytest.aiml_tests.underline_tests.test_underline_aiml.UnderlineAIMLTests" name="test_underline_first_multi_words" time="0.072"></testcase><testcase classname="programytest.aiml_tests.underline_tests.test_underline_aiml.UnderlineAIMLTests" name="test_underline_in_word" time="0.065"></testcase><testcase classname="programytest.aiml_tests.underline_tests.test_underline_aiml.UnderlineAIMLTests" name="test_underline_last" time="0.067"></testcase><testcase classname="programytest.aiml_tests.underline_tests.test_underline_aiml.UnderlineAIMLTests" name="test_underline_last_multi_words" time="0.068"></testcase><testcase classname="programytest.aiml_tests.underline_tests.test_underline_aiml.UnderlineAIMLTests" name="test_underline_middle" time="0.070"></testcase><testcase classname="programytest.aiml_tests.underline_tests.test_underline_aiml.UnderlineAIMLTests" name="test_underline_middle_mulit_words" time="0.071"></testcase><testcase classname="programytest.aiml_tests.unicode_tests.test_unicode_aiml.UnicodeAIMLTests" name="test_cantonese_unicode" time="0.062"></testcase><testcase classname="programytest.aiml_tests.util_tests.test_util.UtiltyAIMLTests" name="test_util_function" time="0.095"></testcase><testcase classname="programytest.aiml_tests.vocab_tests.test_vocab_aiml.VocabularyAIMLTests" name="test_size" time="0.066"></testcase><testcase classname="programytest.aiml_tests.vocab_tests.test_vocab_aiml.VocabularyAIMLTests" name="test_vocabulary" time="0.065"></testcase><testcase classname="programytest.aiml_tests.wildcard_tests.test_wildcard_aiml.WildcardAIMLTests" name="test_gianfrasoft_196" time="0.085"></testcase><testcase classname="programytest.aiml_tests.xml_tests.test_utuxmt_custom_xml.XMLAIMLTests" name="test_command1" time="0.068"></testcase><testcase classname="programytest.aiml_tests.xml_tests.test_utuxmt_custom_xml.XMLAIMLTests" name="test_command2" time="0.072"></testcase><testcase classname="programytest.aiml_tests.xml_tests.test_utuxmt_custom_xml.XMLAIMLTests" name="test_command3" time="0.070"></testcase><testcase classname="programytest.aiml_tests.xml_tests.test_xml_aiml.XMLAIMLTests" name="test_basic_xml" time="0.067"></testcase><testcase classname="programytest.aiml_tests.xml_tests.test_xml_aiml.XMLAIMLTests" name="test_html_br" time="0.072"></testcase><testcase classname="programytest.aiml_tests.xml_tests.test_xml_aiml.XMLAIMLTests" name="test_html_link" time="0.068"></testcase><testcase classname="programytest.aiml_tests.xml_tests.test_xml_aiml.XMLAIMLTests" name="test_html_link_with_star" time="0.069"></testcase><testcase classname="programytest.aiml_tests.xplode_tests.test_xplode_aiml.ExlodeAIMLTests" name="test_explode" time="0.067"></testcase><testcase classname="programytest.aiml_tests.xplode_tests.test_xplode_aiml.ExlodeAIMLTests" name="test_implode" time="0.064"></testcase><testcase classname="programytest.aiml_tests.xplode_tests.test_xplode_aiml.ExlodeAIMLTests" name="test_nested_explode_implode" time="0.069"></testcase><testcase classname="programytest.aiml_tests.xplode_tests.test_xplode_aiml.ExlodeAIMLTests" name="test_nested_implode_explode" time="0.065"></testcase><testcase classname="programytest.test_activate.ActivatableTests" name="test_init" time="0.000"></testcase><testcase classname="programytest.test_activate.ActivatableTests" name="test_invalid_state" time="0.000"></testcase><testcase classname="programytest.test_activate.ActivatableTests" name="test_on_off" time="0.000"></testcase><testcase classname="programytest.test_binaries.BinariesTests" name="test_init_with_config" time="0.000"></testcase><testcase classname="programytest.test_binaries.BinariesTests" name="test_init_without_config" time="0.000"></testcase><testcase classname="programytest.test_binaries.BinariesTests" name="test_load_with_exception_and_not_raise" time="0.006"></testcase><testcase classname="programytest.test_binaries.BinariesTests" name="test_load_with_exception_and_raise" time="0.002"></testcase><testcase classname="programytest.test_binaries.BinariesTests" name="test_save_then_load" time="0.015"></testcase><testcase classname="programytest.test_binaries.BinariesTests" name="test_save_then_load_no_config" time="0.012"></testcase><testcase classname="programytest.test_binaries.BinariesTests" name="test_save_with_exception" time="0.013"></testcase><testcase classname="programytest.test_bot.BotTests" name="test_ask_question_without_triggermgr" time="0.038"></testcase><testcase classname="programytest.test_bot.BotTests" name="test_bot_chat_loop" time="0.043"></testcase><testcase classname="programytest.test_bot.BotTests" name="test_bot_defaultresponses" time="0.033"></testcase><testcase classname="programytest.test_bot.BotTests" name="test_bot_init_blank" time="0.042"></testcase><testcase classname="programytest.test_bot.BotTests" name="test_bot_init_default_brain" time="0.031"></testcase><testcase classname="programytest.test_bot.BotTests" name="test_bot_init_no_joiner_configuration" time="0.044"></testcase><testcase classname="programytest.test_bot.BotTests" name="test_bot_init_no_joinerr" time="0.031"></testcase><testcase classname="programytest.test_bot.BotTests" name="test_bot_init_no_sentiment_analyser_configuration" time="0.028"></testcase><testcase classname="programytest.test_bot.BotTests" name="test_bot_init_no_sentiment_analyserr" time="0.032"></testcase><testcase classname="programytest.test_bot.BotTests" name="test_bot_init_no_spellchecker" time="0.030"></testcase><testcase classname="programytest.test_bot.BotTests" name="test_bot_init_no_spellchecker_configuration" time="0.034"></testcase><testcase classname="programytest.test_bot.BotTests" name="test_bot_init_no_splitter_configuration" time="0.029"></testcase><testcase classname="programytest.test_bot.BotTests" name="test_bot_init_no_splitterr" time="0.040"></testcase><testcase classname="programytest.test_bot.BotTests" name="test_bot_init_no_translator_configuration" time="0.042"></testcase><testcase classname="programytest.test_bot.BotTests" name="test_bot_init_no_translatorr" time="0.049"></testcase><testcase classname="programytest.test_bot.BotTests" name="test_bot_init_supplied_brain" time="0.041"></testcase><testcase classname="programytest.test_bot.BotTests" name="test_bot_init_with_config" time="0.039"></testcase><testcase classname="programytest.test_bot.BotTests" name="test_bot_init_with_invalid_joinerr" time="0.094"></testcase><testcase classname="programytest.test_bot.BotTests" name="test_bot_init_with_invalid_sentiment_analyserr" time="0.091"></testcase><testcase classname="programytest.test_bot.BotTests" name="test_bot_init_with_invalid_spellchecker" time="0.087"></testcase><testcase classname="programytest.test_bot.BotTests" name="test_bot_init_with_invalid_splitterr" time="0.087"></testcase><testcase classname="programytest.test_bot.BotTests" name="test_bot_init_with_invalid_translatorr" time="0.125"></testcase><testcase classname="programytest.test_bot.BotTests" name="test_bot_init_with_valid_joinerr" time="0.025"></testcase><testcase classname="programytest.test_bot.BotTests" name="test_bot_init_with_valid_sentiment_analyserr" time="0.044"></testcase><testcase classname="programytest.test_bot.BotTests" name="test_bot_init_with_valid_spellchecker" time="0.037"></testcase><testcase classname="programytest.test_bot.BotTests" name="test_bot_init_with_valid_splitterr" time="0.027"></testcase><testcase classname="programytest.test_bot.BotTests" name="test_bot_init_with_valid_translatorr" time="0.034"></testcase><testcase classname="programytest.test_bot.BotTests" name="test_bot_new_version" time="0.030"></testcase><testcase classname="programytest.test_bot.BotTests" name="test_bot_old_version" time="0.034"></testcase><testcase classname="programytest.test_bot.BotTests" name="test_bot_with_config" time="0.030"></testcase><testcase classname="programytest.test_bot.BotTests" name="test_bot_with_conversation" time="0.056"></testcase><testcase classname="programytest.test_bot.BotTests" name="test_get_default_response_default_response_only" time="0.034"></testcase><testcase classname="programytest.test_bot.BotTests" name="test_get_default_response_default_response_srai_match" time="0.049"></testcase><testcase classname="programytest.test_bot.BotTests" name="test_get_default_response_default_response_srai_no_match" time="0.030"></testcase><testcase classname="programytest.test_bot.BotTests" name="test_get_default_response_empty_string" time="0.035"></testcase><testcase classname="programytest.test_bot.BotTests" name="test_get_default_response_no_srai" time="0.034"></testcase><testcase classname="programytest.test_bot.BotTests" name="test_get_exit_response_empty_string" time="0.035"></testcase><testcase classname="programytest.test_bot.BotTests" name="test_get_exit_response_exit_response_only" time="0.033"></testcase><testcase classname="programytest.test_bot.BotTests" name="test_get_exit_response_exit_response_srai_match" time="0.051"></testcase><testcase classname="programytest.test_bot.BotTests" name="test_get_exit_response_exit_response_srai_no_match" time="0.029"></testcase><testcase classname="programytest.test_bot.BotTests" name="test_get_exit_response_no_srai" time="0.036"></testcase><testcase classname="programytest.test_bot.BotTests" name="test_get_initial_question_empty_string" time="0.043"></testcase><testcase classname="programytest.test_bot.BotTests" name="test_get_initial_question_initial_question_only" time="0.040"></testcase><testcase classname="programytest.test_bot.BotTests" name="test_get_initial_question_initial_question_srai_match" time="0.049"></testcase><testcase classname="programytest.test_bot.BotTests" name="test_get_initial_question_initial_question_srai_no_match" time="0.032"></testcase><testcase classname="programytest.test_bot.BotTests" name="test_get_initial_question_no_srai" time="0.038"></testcase><testcase classname="programytest.test_bot.BotTests" name="test_handle_none_respons_withtriggermgr" time="0.048"></testcase><testcase classname="programytest.test_bot.BotTests" name="test_handle_none_response" time="0.042"></testcase><testcase classname="programytest.test_bot.BotTests" name="test_log_answer" time="0.032"></testcase><testcase classname="programytest.test_bot.BotTests" name="test_max_recusion" time="0.040"></testcase><testcase classname="programytest.test_bot.BotTests" name="test_post_process_question_with_srai" time="0.046"></testcase><testcase classname="programytest.test_bot.BotTests" name="test_post_process_question_without_srai" time="0.039"></testcase><testcase classname="programytest.test_bot.BotTests" name="test_post_process_question_without_srai_and_none_post_process_response" time="0.037"></testcase><testcase classname="programytest.test_bot.BotTests" name="test_pre_process_text_with_srai" time="0.042"></testcase><testcase classname="programytest.test_bot.BotTests" name="test_pre_process_text_without_srai" time="0.039"></testcase><testcase classname="programytest.test_brain.BrainTests" name="test_brain_init_no_config" time="0.030"></testcase><testcase classname="programytest.test_brain.BrainTests" name="test_brain_init_with_config" time="0.072"></testcase><testcase classname="programytest.test_brain.BrainTests" name="test_brain_init_with_secure_config" time="0.040"></testcase><testcase classname="programytest.test_brain.BrainTests" name="test_load_save_binaries" time="0.047"></testcase><testcase classname="programytest.test_brain.BrainTests" name="test_oob_loading" time="0.064"></testcase><testcase classname="programytest.test_brain.BrainTests" name="test_post_process_question_no_processing" time="0.059"></testcase><testcase classname="programytest.test_brain.BrainTests" name="test_post_process_question_with_processing" time="0.060"></testcase><testcase classname="programytest.test_brain.BrainTests" name="test_reload_unknowns" time="0.059"></testcase><testcase classname="programytest.test_brainfactory.BrainFactoryTests" name="test_config_init" time="0.024"></testcase><testcase classname="programytest.test_brainfactory.BrainFactoryTests" name="test_empty_config_init" time="0.023"></testcase><testcase classname="programytest.test_brainfactory.BrainFactoryTests" name="test_init" time="0.019"></testcase><testcase classname="programytest.test_brainfactory.BrainFactoryTests" name="test_invalid_config_init" time="0.031"></testcase><testcase classname="programytest.test_brainselector.DefaultBrainSelectorTests" name="test_selection_multi_brain" time="0.030"></testcase><testcase classname="programytest.test_brainselector.DefaultBrainSelectorTests" name="test_selection_no_brain" time="0.001"></testcase><testcase classname="programytest.test_brainselector.DefaultBrainSelectorTests" name="test_selection_single_brain" time="0.023"></testcase><testcase classname="programytest.test_braintree.BraintreeManagerTests" name="test_dump_create_" time="0.016"></testcase><testcase classname="programytest.test_braintree.BraintreeManagerTests" name="test_dump_create_no_storage" time="0.015"></testcase><testcase classname="programytest.test_braintree.BraintreeManagerTests" name="test_dump_no_create" time="0.019"></testcase><testcase classname="programytest.test_context.ClientContextTests" name="test_base_init" time="0.000"></testcase><testcase classname="programytest.test_context.ClientContextTests" name="test_check_max_timeout" time="1.003"></testcase><testcase classname="programytest.test_context.ClientContextTests" name="test_dump" time="0.000"></testcase><testcase classname="programytest.test_context.ClientContextTests" name="test_init_with_bot" time="0.000"></testcase><testcase classname="programytest.test_context.ClientContextTests" name="test_init_with_bot_brain" time="0.000"></testcase><testcase classname="programytest.test_context.ClientContextTests" name="test_max_recursion" time="0.001"></testcase><testcase classname="programytest.test_context.ClientContextTests" name="test_question" time="0.001"></testcase></testsuite>